

*******************************************************************************
Tue Feb 21 13:46:49 2012


FIT:    data read from 'Coherent'
        format = z
        #datapoints = 39
        residuals are weighted equally (unit weight)

function used for fitting: f(x)
fitted parameters initialized with current variable values



 Iteration 0
 WSSR        : 9.41956           delta(WSSR)/WSSR   : 0
 delta(WSSR) : 0                 limit for stopping : 1e-05
 lambda	  : 0.00652201

initial set of free parameter values

A               = 15

After 11 iterations the fit converged.
final sum of squares of residuals : 0.340376
rel. change during last iteration : -9.76468e-07

degrees of freedom    (FIT_NDF)                        : 38
rms of residuals      (FIT_STDFIT) = sqrt(WSSR/ndf)    : 0.0946428
variance of residuals (reduced chisquare) = WSSR/ndf   : 0.00895726

Final set of parameters            Asymptotic Standard Error
=======================            ==========================

A               = 17587            +/- 2370         (13.48%)


correlation matrix of the fit parameters:

               A      
A               1.000 


*******************************************************************************
Tue Feb 21 13:47:18 2012


FIT:    data read from 'Coherent'
        format = z
        #datapoints = 39
        residuals are weighted equally (unit weight)

function used for fitting: f(x)
fitted parameters initialized with current variable values



 Iteration 0
 WSSR        : 0.340376          delta(WSSR)/WSSR   : 0
 delta(WSSR) : 0                 limit for stopping : 1e-05
 lambda	  : 6.39363e-06

initial set of free parameter values

A               = 17587

After 1 iterations the fit converged.
final sum of squares of residuals : 0.340376
rel. change during last iteration : -7.42763e-10

degrees of freedom    (FIT_NDF)                        : 38
rms of residuals      (FIT_STDFIT) = sqrt(WSSR/ndf)    : 0.0946428
variance of residuals (reduced chisquare) = WSSR/ndf   : 0.00895726

Final set of parameters            Asymptotic Standard Error
=======================            ==========================

A               = 17587.3          +/- 2370         (13.48%)


correlation matrix of the fit parameters:

               A      
A               1.000 


*******************************************************************************
Tue Feb 21 13:49:41 2012


FIT:    data read from 'Coherent'
        format = z
        #datapoints = 39
        residuals are weighted equally (unit weight)

function used for fitting: f(x)
fitted parameters initialized with current variable values



 Iteration 0
 WSSR        : 1.62183           delta(WSSR)/WSSR   : 0
 delta(WSSR) : 0                 limit for stopping : 1e-05
 lambda	  : 11.5511

initial set of free parameter values

A               = 1
B               = 10000.3
C               = 0.001
D               = 1
E               = 10000.3
F               = 1
BREAK:          Undefined value during function evaluation



*******************************************************************************
Tue Feb 21 13:50:21 2012


FIT:    data read from 'Coherent'
        format = z
        #datapoints = 39
        residuals are weighted equally (unit weight)

function used for fitting: f(x)
fitted parameters initialized with current variable values

BREAK:          Undefined value during function evaluation



*******************************************************************************
Tue Feb 21 13:51:09 2012


FIT:    data read from 'Coherent'
        format = z
        #datapoints = 39
        residuals are weighted equally (unit weight)

function used for fitting: g(x)
fitted parameters initialized with current variable values



 Iteration 0
 WSSR        : 554.27            delta(WSSR)/WSSR   : 0
 delta(WSSR) : 0                 limit for stopping : 1e-05
 lambda	  : 2.06736

initial set of free parameter values

A               = 1
B               = 1
C               = 1e-30

After 5 iterations the fit converged.
final sum of squares of residuals : 2.64653
rel. change during last iteration : -7.87803e-06

degrees of freedom    (FIT_NDF)                        : 36
rms of residuals      (FIT_STDFIT) = sqrt(WSSR/ndf)    : 0.271136
variance of residuals (reduced chisquare) = WSSR/ndf   : 0.0735147

BREAK:          Singular matrix in Invert_RtR



*******************************************************************************
Tue Feb 21 13:51:40 2012


FIT:    data read from 'Coherent'
        format = z
        #datapoints = 39
        residuals are weighted equally (unit weight)

function used for fitting: g(x)
fitted parameters initialized with current variable values



 Iteration 0
 WSSR        : 2.64653           delta(WSSR)/WSSR   : 0
 delta(WSSR) : 0                 limit for stopping : 1e-05
 lambda	  : 2.20914

initial set of free parameter values

A               = -0.0857125
B               = 0.461171
C               = 1.001e-30

After 1 iterations the fit converged.
final sum of squares of residuals : 2.64653
rel. change during last iteration : -5.76771e-11

degrees of freedom    (FIT_NDF)                        : 36
rms of residuals      (FIT_STDFIT) = sqrt(WSSR/ndf)    : 0.271136
variance of residuals (reduced chisquare) = WSSR/ndf   : 0.0735147

BREAK:          Singular matrix in Invert_RtR



*******************************************************************************
Tue Feb 21 14:20:15 2012


FIT:    data read from 'Coherent'
        format = z
	y range restricted to [0.00100000 : 60.0000]
        #datapoints = 39
        residuals are weighted equally (unit weight)

function used for fitting: g(x)
fitted parameters initialized with current variable values



 Iteration 0
 WSSR        : 1529.37           delta(WSSR)/WSSR   : 0
 delta(WSSR) : 0                 limit for stopping : 1e-05
 lambda	  : 64482.6

initial set of free parameter values

A               = 5e-05
B               = 1.95
C               = 50
D               = 0.01

After 1062 iterations the fit converged.
final sum of squares of residuals : 0.00896016
rel. change during last iteration : -9.34101e-06

degrees of freedom    (FIT_NDF)                        : 35
rms of residuals      (FIT_STDFIT) = sqrt(WSSR/ndf)    : 0.0160001
variance of residuals (reduced chisquare) = WSSR/ndf   : 0.000256005

Final set of parameters            Asymptotic Standard Error
=======================            ==========================

A               = 0.00635323       +/- 0.002785     (43.84%)
B               = 0.459561         +/- 0.1127       (24.53%)
C               = 225.552          +/- 5.7          (2.527%)
D               = -0.002012        +/- 0.000195     (9.694%)


correlation matrix of the fit parameters:

               A      B      C      D      
A               1.000 
B              -0.909  1.000 
C               0.625 -0.499  1.000 
D              -0.571  0.855 -0.241  1.000 


*******************************************************************************
Thu Feb 23 12:14:05 2012


FIT:    data read from 'Coherent'
        format = z
        #datapoints = 39
        residuals are weighted equally (unit weight)

function used for fitting: f(x)
fitted parameters initialized with current variable values



 Iteration 0
 WSSR        : 7.86104           delta(WSSR)/WSSR   : 0
 delta(WSSR) : 0                 limit for stopping : 1e-05
 lambda	  : 0.155974

initial set of free parameter values

A               = 1
B               = 1
C               = -1.2
D               = 0.1
E               = 2
BREAK:          Undefined value during function evaluation



*******************************************************************************
Thu Feb 23 12:16:52 2012


FIT:    data read from 'Coherent'
        format = z
        #datapoints = 39
        residuals are weighted equally (unit weight)

function used for fitting: f(x)
fitted parameters initialized with current variable values

BREAK:          Undefined value during function evaluation



*******************************************************************************
Thu Feb 23 12:17:09 2012


FIT:    data read from 'Coherent'
        format = z
        #datapoints = 39
        residuals are weighted equally (unit weight)

function used for fitting: f(x)
fitted parameters initialized with current variable values



 Iteration 0
 WSSR        : 6.83151           delta(WSSR)/WSSR   : 0
 delta(WSSR) : 0                 limit for stopping : 1e-05
 lambda	  : 0

initial set of free parameter values

A               = -5.82256
B               = 8.29605
C               = 26.8759
D               = -23.2568
E               = 18.5241
BREAK:          Singular matrix in Givens()



*******************************************************************************
Thu Feb 23 12:19:43 2012


FIT:    data read from 'Coherent'
        format = z
        #datapoints = 39
        residuals are weighted equally (unit weight)

function used for fitting: f(x)
fitted parameters initialized with current variable values



 Iteration 0
 WSSR        : 7.7783            delta(WSSR)/WSSR   : 0
 delta(WSSR) : 0                 limit for stopping : 1e-05
 lambda	  : 0.122144

initial set of free parameter values

A               = 1
B               = 1
C               = 1
D               = 2

After 7 iterations the fit converged.
final sum of squares of residuals : 6.83151
rel. change during last iteration : -2.86874e-06

degrees of freedom    (FIT_NDF)                        : 35
rms of residuals      (FIT_STDFIT) = sqrt(WSSR/ndf)    : 0.441798
variance of residuals (reduced chisquare) = WSSR/ndf   : 0.195186

Final set of parameters            Asymptotic Standard Error
=======================            ==========================

A               = 0.000407769      +/- 21.84        (5.357e+06%)
B               = 3.32802          +/- 5.435e+04    (1.633e+06%)
C               = 1.16722          +/- 5.232e+04    (4.482e+06%)
D               = 1.9535           +/- 3.736e+04    (1.912e+06%)


correlation matrix of the fit parameters:

               A      B      C      D      
A               1.000 
B               0.981  1.000 
C               0.999  0.980  1.000 
D              -0.989 -0.952 -0.992  1.000 


*******************************************************************************
Thu Feb 23 12:20:27 2012


FIT:    data read from 'Coherent'
        format = z
        #datapoints = 39
        residuals are weighted equally (unit weight)

function used for fitting: f(x)
fitted parameters initialized with current variable values



 Iteration 0
 WSSR        : 6.83151           delta(WSSR)/WSSR   : 0
 delta(WSSR) : 0                 limit for stopping : 1e-05
 lambda	  : 0.0497093

initial set of free parameter values

A               = 0.000407769
B               = 3.32802
C               = 1.16722
D               = 1.9535

After 1 iterations the fit converged.
final sum of squares of residuals : 6.83151
rel. change during last iteration : -1.73877e-10

degrees of freedom    (FIT_NDF)                        : 35
rms of residuals      (FIT_STDFIT) = sqrt(WSSR/ndf)    : 0.441798
variance of residuals (reduced chisquare) = WSSR/ndf   : 0.195186

Final set of parameters            Asymptotic Standard Error
=======================            ==========================

A               = 0.000352691      +/- 21.84        (6.193e+06%)
B               = 3.328            +/- 6.284e+04    (1.888e+06%)
C               = 1.16724          +/- 6.049e+04    (5.182e+06%)
D               = 1.95351          +/- 4.319e+04    (2.211e+06%)


correlation matrix of the fit parameters:

               A      B      C      D      
A               1.000 
B               0.981  1.000 
C               0.999  0.980  1.000 
D              -0.989 -0.952 -0.992  1.000 


*******************************************************************************
Thu Feb 23 12:20:37 2012


FIT:    data read from 'Coherent'
        format = z
        #datapoints = 39
        residuals are weighted equally (unit weight)

function used for fitting: g(x)
fitted parameters initialized with current variable values



 Iteration 0
 WSSR        : 32626.6           delta(WSSR)/WSSR   : 0
 delta(WSSR) : 0                 limit for stopping : 1e-05
 lambda	  : 40570.8

initial set of free parameter values

A               = 0.000352691
B               = 3.328
C               = 1.16724
D               = 1.95351

After 441 iterations the fit converged.
final sum of squares of residuals : 2.66196
rel. change during last iteration : -9.97247e-06

degrees of freedom    (FIT_NDF)                        : 35
rms of residuals      (FIT_STDFIT) = sqrt(WSSR/ndf)    : 0.275783
variance of residuals (reduced chisquare) = WSSR/ndf   : 0.076056

BREAK:          Singular matrix in Invert_RtR



*******************************************************************************
Thu Feb 23 12:40:28 2012


FIT:    data read from 'Coherent'
        format = z
        #datapoints = 39
        residuals are weighted equally (unit weight)

function used for fitting: g(x)
fitted parameters initialized with current variable values

BREAK:          Undefined value during function evaluation



*******************************************************************************
Thu Feb 23 12:41:00 2012


FIT:    data read from 'Coherent'
        format = z
        #datapoints = 39
        residuals are weighted equally (unit weight)

function used for fitting: g(x)
fitted parameters initialized with current variable values



 Iteration 0
 WSSR        : 4.011             delta(WSSR)/WSSR   : 0
 delta(WSSR) : 0                 limit for stopping : 1e-05
 lambda	  : 0.14864

initial set of free parameter values

A               = -1
B               = -1
C               = -1
BREAK:          Undefined value during function evaluation



*******************************************************************************
Thu Feb 23 13:04:28 2012


FIT:    data read from 'Coherent'
        format = z
        #datapoints = 39
        residuals are weighted equally (unit weight)

function used for fitting: g(x)
fitted parameters initialized with current variable values



 Iteration 0
 WSSR        : 2.90607           delta(WSSR)/WSSR   : 0
 delta(WSSR) : 0                 limit for stopping : 1e-05
 lambda	  : 0.288546

initial set of free parameter values

A               = 80
B               = 0.5

After 11 iterations the fit converged.
final sum of squares of residuals : 0.145215
rel. change during last iteration : -5.19431e-07

degrees of freedom    (FIT_NDF)                        : 37
rms of residuals      (FIT_STDFIT) = sqrt(WSSR/ndf)    : 0.0626477
variance of residuals (reduced chisquare) = WSSR/ndf   : 0.00392474

Final set of parameters            Asymptotic Standard Error
=======================            ==========================

A               = 243.457          +/- 14.08        (5.785%)
B               = 3.44416          +/- 0.1613       (4.684%)


correlation matrix of the fit parameters:

               A      B      
A               1.000 
B               0.951  1.000 


*******************************************************************************
Thu Feb 23 13:17:49 2012


FIT:    data read from 'PairTriplet'
        format = z
        #datapoints = 39
        residuals are weighted equally (unit weight)

function used for fitting: g(x)
fitted parameters initialized with current variable values



 Iteration 0
 WSSR        : 1.23583e-05       delta(WSSR)/WSSR   : 0
 delta(WSSR) : 0                 limit for stopping : 1e-05
 lambda	  : 0.00984578

initial set of free parameter values

A               = 0.11
B               = 1

After 6 iterations the fit converged.
final sum of squares of residuals : 8.50239e-06
rel. change during last iteration : -1.28771e-06

degrees of freedom    (FIT_NDF)                        : 37
rms of residuals      (FIT_STDFIT) = sqrt(WSSR/ndf)    : 0.000479369
variance of residuals (reduced chisquare) = WSSR/ndf   : 2.29794e-07

Final set of parameters            Asymptotic Standard Error
=======================            ==========================

A               = 0.167885         +/- 0.01571      (9.359%)
B               = 2.26559          +/- 0.4017       (17.73%)


correlation matrix of the fit parameters:

               A      B      
A               1.000 
B               0.870  1.000 


*******************************************************************************
Thu Feb 23 13:19:26 2012


FIT:    data read from 'PairTriplet'
        format = z
        #datapoints = 39
        residuals are weighted equally (unit weight)

function used for fitting: g(x)
fitted parameters initialized with current variable values



 Iteration 0
 WSSR        : 4.21558e-05       delta(WSSR)/WSSR   : 0
 delta(WSSR) : 0                 limit for stopping : 1e-05
 lambda	  : 6.8669

initial set of free parameter values

A               = 0.167885
B               = 2.26559
C               = 0.0001

After 9 iterations the fit converged.
final sum of squares of residuals : 5.76639e-06
rel. change during last iteration : -2.57118e-06

degrees of freedom    (FIT_NDF)                        : 36
rms of residuals      (FIT_STDFIT) = sqrt(WSSR/ndf)    : 0.000400222
variance of residuals (reduced chisquare) = WSSR/ndf   : 1.60178e-07

Final set of parameters            Asymptotic Standard Error
=======================            ==========================

A               = 0.142377         +/- 0.01299      (9.12%)
B               = 1.94969          +/- 0.3262       (16.73%)
C               = 2.60331e-05      +/- 6.207e-06    (23.84%)


correlation matrix of the fit parameters:

               A      B      C      
A               1.000 
B               0.872  1.000 
C              -0.404 -0.211  1.000 


*******************************************************************************
Thu Feb 23 13:22:54 2012


FIT:    data read from 'PairTriplet'
        format = z
        #datapoints = 39
        residuals are weighted equally (unit weight)

function used for fitting: g(x)
fitted parameters initialized with current variable values



 Iteration 0
 WSSR        : 3.90062e-06       delta(WSSR)/WSSR   : 0
 delta(WSSR) : 0                 limit for stopping : 1e-05
 lambda	  : 6.86691

initial set of free parameter values

A               = 0.142377
B               = 1.94969
C               = 2.60331e-05

After 8 iterations the fit converged.
final sum of squares of residuals : 2.87314e-06
rel. change during last iteration : -1.56991e-06

degrees of freedom    (FIT_NDF)                        : 36
rms of residuals      (FIT_STDFIT) = sqrt(WSSR/ndf)    : 0.000282505
variance of residuals (reduced chisquare) = WSSR/ndf   : 7.98093e-08

Final set of parameters            Asymptotic Standard Error
=======================            ==========================

A               = 0.138989         +/- 0.008863     (6.376%)
B               = 2.28331          +/- 0.2632       (11.53%)
C               = 2.81567e-05      +/- 4.451e-06    (15.81%)


correlation matrix of the fit parameters:

               A      B      C      
A               1.000 
B               0.870  1.000 
C              -0.418 -0.212  1.000 


*******************************************************************************
Thu Feb 23 13:23:11 2012


FIT:    data read from 'PairTriplet'
        format = z
        #datapoints = 39
        residuals are weighted equally (unit weight)

function used for fitting: g(x)
fitted parameters initialized with current variable values



 Iteration 0
 WSSR        : 6.79116e-06       delta(WSSR)/WSSR   : 0
 delta(WSSR) : 0                 limit for stopping : 1e-05
 lambda	  : 6.86691

initial set of free parameter values

A               = 0.138989
B               = 2.28331
C               = 2.81567e-05

After 9 iterations the fit converged.
final sum of squares of residuals : 5.76639e-06
rel. change during last iteration : -1.5073e-06

degrees of freedom    (FIT_NDF)                        : 36
rms of residuals      (FIT_STDFIT) = sqrt(WSSR/ndf)    : 0.000400222
variance of residuals (reduced chisquare) = WSSR/ndf   : 1.60177e-07

Final set of parameters            Asymptotic Standard Error
=======================            ==========================

A               = 0.142367         +/- 0.01299      (9.121%)
B               = 1.94953          +/- 0.3262       (16.73%)
C               = 2.60355e-05      +/- 6.207e-06    (23.84%)


correlation matrix of the fit parameters:

               A      B      C      
A               1.000 
B               0.873  1.000 
C              -0.404 -0.211  1.000 


*******************************************************************************
Thu Feb 23 13:34:08 2012


FIT:    data read from 'Photoelectric'
        format = z
        #datapoints = 39
        residuals are weighted equally (unit weight)

function used for fitting: f(x)
fitted parameters initialized with current variable values



 Iteration 0
 WSSR        : 829354            delta(WSSR)/WSSR   : 0
 delta(WSSR) : 0                 limit for stopping : 1e-05
 lambda	  : 3351.72

initial set of free parameter values

A               = 1.2
B               = 3.1
C               = 400000
BREAK:          Undefined value during function evaluation



*******************************************************************************
Thu Feb 23 13:44:52 2012


FIT:    data read from 'Compton'
        format = z
        #datapoints = 39
        residuals are weighted equally (unit weight)

function used for fitting: g(x)
fitted parameters initialized with current variable values



 Iteration 0
 WSSR        : 78759.2           delta(WSSR)/WSSR   : 0
 delta(WSSR) : 0                 limit for stopping : 1e-05
 lambda	  : 214.22

initial set of free parameter values

A               = 0.2
B               = -1
C               = 0.001

After 59 iterations the fit converged.
final sum of squares of residuals : 0.0457449
rel. change during last iteration : -6.62499e-06

degrees of freedom    (FIT_NDF)                        : 36
rms of residuals      (FIT_STDFIT) = sqrt(WSSR/ndf)    : 0.0356468
variance of residuals (reduced chisquare) = WSSR/ndf   : 0.00127069

Final set of parameters            Asymptotic Standard Error
=======================            ==========================

A               = 0.231063         +/- 0.03544      (15.34%)
B               = 0.144879         +/- 0.04051      (27.96%)
C               = 2.09366          +/- 0.6361       (30.38%)


correlation matrix of the fit parameters:

               A      B      C      
A               1.000 
B               0.916  1.000 
C               0.653  0.569  1.000 


*******************************************************************************
Thu Feb 23 13:50:18 2012


FIT:    data read from 'Compton'
        format = z
        #datapoints = 39
        residuals are weighted equally (unit weight)

function used for fitting: g(x)
fitted parameters initialized with current variable values



 Iteration 0
 WSSR        : 1.27903e+10       delta(WSSR)/WSSR   : 0
 delta(WSSR) : 0                 limit for stopping : 1e-05
 lambda	  : 64345.7

initial set of free parameter values

A               = 0.2
B               = 2

After 4 iterations the fit converged.
final sum of squares of residuals : 0.441185
rel. change during last iteration : -8.00862e-13

degrees of freedom    (FIT_NDF)                        : 37
rms of residuals      (FIT_STDFIT) = sqrt(WSSR/ndf)    : 0.109197
variance of residuals (reduced chisquare) = WSSR/ndf   : 0.0119239

Final set of parameters            Asymptotic Standard Error
=======================            ==========================

A               = -9.90679e-08     +/- 0.0243       (2.453e+07%)
B               = 2.01954          +/- 4.96e+05     (2.456e+07%)


correlation matrix of the fit parameters:

               A      B      
A               1.000 
B              -1.000  1.000 


*******************************************************************************
Thu Feb 23 13:51:58 2012


FIT:    data read from 'Compton'
        format = z
        #datapoints = 39
        residuals are weighted equally (unit weight)

function used for fitting: g(x)
fitted parameters initialized with current variable values



 Iteration 0
 WSSR        : 0.441171          delta(WSSR)/WSSR   : 0
 delta(WSSR) : 0                 limit for stopping : 1e-05
 lambda	  : 63481.3

initial set of free parameter values

A               = -9.90679e-08
B               = 2.01954

After 1 iterations the fit converged.
final sum of squares of residuals : 0.441171
rel. change during last iteration : -9.66219e-09

degrees of freedom    (FIT_NDF)                        : 37
rms of residuals      (FIT_STDFIT) = sqrt(WSSR/ndf)    : 0.109195
variance of residuals (reduced chisquare) = WSSR/ndf   : 0.0119235

Final set of parameters            Asymptotic Standard Error
=======================            ==========================

A               = -9.91829e-08     +/- 0.02531      (2.552e+07%)
B               = 2.01954          +/- 5.159e+05    (2.555e+07%)


correlation matrix of the fit parameters:

               A      B      
A               1.000 
B              -1.000  1.000 


*******************************************************************************
Thu Feb 23 13:52:31 2012


FIT:    data read from 'Compton'
        format = z
        #datapoints = 39
        residuals are weighted equally (unit weight)

function used for fitting: g(x)
fitted parameters initialized with current variable values



 Iteration 0
 WSSR        : 0.444262          delta(WSSR)/WSSR   : 0
 delta(WSSR) : 0                 limit for stopping : 1e-05
 lambda	  : 0.753616

initial set of free parameter values

A               = -9.91829e-08
B               = 2.01954

After 15 iterations the fit converged.
final sum of squares of residuals : 0.0784536
rel. change during last iteration : -1.73062e-08

degrees of freedom    (FIT_NDF)                        : 37
rms of residuals      (FIT_STDFIT) = sqrt(WSSR/ndf)    : 0.0460474
variance of residuals (reduced chisquare) = WSSR/ndf   : 0.00212037

Final set of parameters            Asymptotic Standard Error
=======================            ==========================

A               = -0.0355323       +/- 0.01173      (33.01%)
B               = 0.295164         +/- 0.1193       (40.41%)


correlation matrix of the fit parameters:

               A      B      
A               1.000 
B              -0.973  1.000 


*******************************************************************************
Thu Feb 23 13:52:55 2012


FIT:    data read from 'Compton'
        format = z
        #datapoints = 39
        residuals are weighted equally (unit weight)

function used for fitting: g(x)
fitted parameters initialized with current variable values



 Iteration 0
 WSSR        : 0.0658602         delta(WSSR)/WSSR   : 0
 delta(WSSR) : 0                 limit for stopping : 1e-05
 lambda	  : 2.05431

initial set of free parameter values

A               = -0.0355323
B               = 0.295164

After 4 iterations the fit converged.
final sum of squares of residuals : 0.0638133
rel. change during last iteration : -7.45317e-06

degrees of freedom    (FIT_NDF)                        : 37
rms of residuals      (FIT_STDFIT) = sqrt(WSSR/ndf)    : 0.0415293
variance of residuals (reduced chisquare) = WSSR/ndf   : 0.00172468

Final set of parameters            Asymptotic Standard Error
=======================            ==========================

A               = -0.0234411       +/- 0.01192      (50.86%)
B               = 0.189265         +/- 0.1084       (57.3%)


correlation matrix of the fit parameters:

               A      B      
A               1.000 
B              -0.991  1.000 


*******************************************************************************
Thu Feb 23 13:53:38 2012


FIT:    data read from 'Compton'
        format = z
        #datapoints = 39
        residuals are weighted equally (unit weight)

function used for fitting: g(x)
fitted parameters initialized with current variable values



 Iteration 0
 WSSR        : 30186.3           delta(WSSR)/WSSR   : 0
 delta(WSSR) : 0                 limit for stopping : 1e-05
 lambda	  : 698.977

initial set of free parameter values

A               = -0.0234411
B               = 0.189265
C               = 1
BREAK:          Undefined value during function evaluation



*******************************************************************************
Thu Feb 23 13:54:29 2012


FIT:    data read from 'Compton'
        format = z
        #datapoints = 39
        residuals are weighted equally (unit weight)

function used for fitting: g(x)
fitted parameters initialized with current variable values



 Iteration 0
 WSSR        : 0.453661          delta(WSSR)/WSSR   : 0
 delta(WSSR) : 0                 limit for stopping : 1e-05
 lambda	  : 10.12

initial set of free parameter values

A               = -0.000653535
B               = -0.692774
C               = 3.58243

After 2 iterations the fit converged.
final sum of squares of residuals : 0.443368
rel. change during last iteration : -1.73114e-06

degrees of freedom    (FIT_NDF)                        : 36
rms of residuals      (FIT_STDFIT) = sqrt(WSSR/ndf)    : 0.110977
variance of residuals (reduced chisquare) = WSSR/ndf   : 0.0123158

BREAK:          Singular matrix in Invert_RtR



*******************************************************************************
Thu Feb 23 13:54:30 2012


FIT:    data read from 'Compton'
        format = z
        #datapoints = 39
        residuals are weighted equally (unit weight)

function used for fitting: g(x)
fitted parameters initialized with current variable values



 Iteration 0
 WSSR        : 0.443368          delta(WSSR)/WSSR   : 0
 delta(WSSR) : 0                 limit for stopping : 1e-05
 lambda	  : 12.3964

initial set of free parameter values

A               = 0.000273203
B               = -0.692663

After 1 iterations the fit converged.
final sum of squares of residuals : 0.443368
rel. change during last iteration : -4.25553e-10

degrees of freedom    (FIT_NDF)                        : 37
rms of residuals      (FIT_STDFIT) = sqrt(WSSR/ndf)    : 0.109467
variance of residuals (reduced chisquare) = WSSR/ndf   : 0.0119829

Final set of parameters            Asymptotic Standard Error
=======================            ==========================

A               = 0.000273206      +/- 0.07586      (2.777e+04%)
B               = -0.692662        +/- 190.3        (2.748e+04%)


correlation matrix of the fit parameters:

               A      B      
A               1.000 
B              -1.000  1.000 


*******************************************************************************
Thu Feb 23 13:55:00 2012


FIT:    data read from 'Compton'
        format = z
        #datapoints = 39
        residuals are weighted equally (unit weight)

function used for fitting: g(x)
fitted parameters initialized with current variable values



 Iteration 0
 WSSR        : 0.383322          delta(WSSR)/WSSR   : 0
 delta(WSSR) : 0                 limit for stopping : 1e-05
 lambda	  : 22.9581

initial set of free parameter values

A               = 0.000273206
B               = -0.692662

After 22 iterations the fit converged.
final sum of squares of residuals : 0.105051
rel. change during last iteration : -8.35558e-06

degrees of freedom    (FIT_NDF)                        : 37
rms of residuals      (FIT_STDFIT) = sqrt(WSSR/ndf)    : 0.0532842
variance of residuals (reduced chisquare) = WSSR/ndf   : 0.00283921

Final set of parameters            Asymptotic Standard Error
=======================            ==========================

A               = -0.0357642       +/- 0.03349      (93.64%)
B               = 10.7412          +/- 12.6         (117.3%)


correlation matrix of the fit parameters:

               A      B      
A               1.000 
B              -0.995  1.000 


*******************************************************************************
Thu Feb 23 13:55:23 2012


FIT:    data read from 'Compton'
        format = z
        #datapoints = 39
        residuals are weighted equally (unit weight)

function used for fitting: g(x)
fitted parameters initialized with current variable values



 Iteration 0
 WSSR        : 2.08648e+07       delta(WSSR)/WSSR   : 0
 delta(WSSR) : 0                 limit for stopping : 1e-05
 lambda	  : 11921.6

initial set of free parameter values

A               = -0.0357642
B               = 10.7412
C               = 3.58601

After 4 iterations the fit converged.
final sum of squares of residuals : 0.444191
rel. change during last iteration : -4.85939e-12

degrees of freedom    (FIT_NDF)                        : 36
rms of residuals      (FIT_STDFIT) = sqrt(WSSR/ndf)    : 0.111079
variance of residuals (reduced chisquare) = WSSR/ndf   : 0.0123386

Final set of parameters            Asymptotic Standard Error
=======================            ==========================

A               = -6.78571e-08     +/- 0.02067      (3.045e+07%)
B               = 10.7413          +/- 3.275e+06    (3.049e+07%)
C               = 3.58118          +/- 116.1        (3243%)


correlation matrix of the fit parameters:

               A      B      C      
A               1.000 
B              -1.000  1.000 
C              -0.120  0.122  1.000 


*******************************************************************************
Thu Feb 23 13:55:45 2012


FIT:    data read from 'Compton'
        format = z
        #datapoints = 39
        residuals are weighted equally (unit weight)

function used for fitting: g(x)
fitted parameters initialized with current variable values



 Iteration 0
 WSSR        : 0.605708          delta(WSSR)/WSSR   : 0
 delta(WSSR) : 0                 limit for stopping : 1e-05
 lambda	  : 482967

initial set of free parameter values

A               = -6.78571e-08
B               = 10.7413
C               = 3.58118
D               = 1

After 3 iterations the fit converged.
final sum of squares of residuals : 0.444207
rel. change during last iteration : -6.09838e-14

degrees of freedom    (FIT_NDF)                        : 35
rms of residuals      (FIT_STDFIT) = sqrt(WSSR/ndf)    : 0.112657
variance of residuals (reduced chisquare) = WSSR/ndf   : 0.0126916

Final set of parameters            Asymptotic Standard Error
=======================            ==========================

A               = -1.23658e-09     +/- 0.01035      (8.366e+08%)
B               = 10.7413          +/- 9.013e+07    (8.391e+08%)
C               = 3.58118          +/- 1.336e+06    (3.73e+07%)
D               = 1                +/- 1.349e+06    (1.349e+08%)


correlation matrix of the fit parameters:

               A      B      C      D      
A               1.000 
B              -1.000  1.000 
C               0.603 -0.605  1.000 
D              -0.604  0.605 -1.000  1.000 


*******************************************************************************
Thu Feb 23 13:58:47 2012


FIT:    data read from 'Compton'
        format = z
        #datapoints = 39
        residuals are weighted equally (unit weight)

function used for fitting: g(x)
fitted parameters initialized with current variable values

BREAK:          Undefined value during function evaluation



*******************************************************************************
Thu Feb 23 14:04:15 2012


FIT:    data read from 'Compton'
        format = z
        #datapoints = 39
        residuals are weighted equally (unit weight)

function used for fitting: g(x)
fitted parameters initialized with current variable values



 Iteration 0
 WSSR        : 0.0589783         delta(WSSR)/WSSR   : 0
 delta(WSSR) : 0                 limit for stopping : 1e-05
 lambda	  : 0.815236

initial set of free parameter values

A               = 0.2
B               = 0.04
C               = 1.7
D               = 0.7

After 7 iterations the fit converged.
final sum of squares of residuals : 0.00862954
rel. change during last iteration : -2.88249e-06

degrees of freedom    (FIT_NDF)                        : 35
rms of residuals      (FIT_STDFIT) = sqrt(WSSR/ndf)    : 0.0157022
variance of residuals (reduced chisquare) = WSSR/ndf   : 0.000246558

Final set of parameters            Asymptotic Standard Error
=======================            ==========================

A               = 0.1951           +/- 2.398e+10    (1.229e+13%)
B               = 0.0158068        +/- 1.461e+09    (9.245e+12%)
C               = 1.3291           +/- 0.0202       (1.52%)
D               = 0.700612         +/- 6.486e+10    (9.257e+12%)


correlation matrix of the fit parameters:

               A      B      C      D      
A               1.000 
B              -1.000  1.000 
C              -0.183  0.183  1.000 
D               1.000 -1.000 -0.183  1.000 


*******************************************************************************
Thu Feb 23 14:54:36 2012


FIT:    data read from 'Compton'
        format = z
        #datapoints = 39
        residuals are weighted equally (unit weight)

function used for fitting: g(x)
fitted parameters initialized with current variable values



 Iteration 0
 WSSR        : 0.00350454        delta(WSSR)/WSSR   : 0
 delta(WSSR) : 0                 limit for stopping : 1e-05
 lambda	  : 0.190551

initial set of free parameter values

A               = 0.0909091
B               = -0.85
C               = 1600
D               = 1.7
E               = 0.1
F               = -0.4
G               = 1.1
H               = 0.4
I               = 1.4

After 3281 iterations the fit converged.
final sum of squares of residuals : 7.08656e-06
rel. change during last iteration : -5.946e-06

degrees of freedom    (FIT_NDF)                        : 30
rms of residuals      (FIT_STDFIT) = sqrt(WSSR/ndf)    : 0.000486023
variance of residuals (reduced chisquare) = WSSR/ndf   : 2.36219e-07

Final set of parameters            Asymptotic Standard Error
=======================            ==========================

A               = 0.0187389        +/- 3.111        (1.66e+04%)
B               = -1.1555          +/- 0.169        (14.62%)
C               = 1600.34          +/- 2.669e+05    (1.668e+04%)
D               = 2.18652          +/- 0.2085       (9.537%)
E               = 0.00254634       +/- 0.4209       (1.653e+04%)
F               = -0.46798         +/- 0.04199      (8.973%)
G               = 0.0334034        +/- 5.534        (1.657e+04%)
H               = 0.357379         +/- 0.07242      (20.26%)
I               = 33.4605          +/- 5533         (1.653e+04%)


correlation matrix of the fit parameters:

               A      B      C      D      E      F      G      H      I      
A               1.000 
B              -0.764  1.000 
C               1.000 -0.762  1.000 
D               0.968 -0.650  0.969  1.000 
E               1.000 -0.762  1.000  0.968  1.000 
F              -0.543  0.923 -0.540 -0.376 -0.541  1.000 
G               1.000 -0.762  1.000  0.968  1.000 -0.540  1.000 
H               0.888 -0.440  0.890  0.958  0.889 -0.117  0.890  1.000 
I              -1.000  0.762 -1.000 -0.968 -1.000  0.541 -1.000 -0.889  1.000 
